#
# There is insufficient memory for the Java Runtime Environment to continue.
# Native memory allocation (malloc) failed to allocate 505136 bytes for Chunk::new
# Possible reasons:
#   The system is out of physical RAM or swap space
#   The process is running with CompressedOops enabled, and the Java Heap may be blocking the growth of the native heap
# Possible solutions:
#   Reduce memory load on the system
#   Increase physical memory or swap space
#   Check if swap backing store is full
#   Decrease Java heap size (-Xmx/-Xms)
#   Decrease number of Java threads
#   Decrease Java thread stack sizes (-Xss)
#   Set larger code cache with -XX:ReservedCodeCacheSize=
#   JVM is running with Zero Based Compressed Oops mode in which the Java heap is
#     placed in the first 32GB address space. The Java Heap base address is the
#     maximum limit for the native heap growth. Please use -XX:HeapBaseMinAddress
#     to set the Java Heap base and to place the Java Heap above 32GB virtual address.
# This output file may be truncated or incomplete.
#
#  Out of Memory Error (arena.cpp:168), pid=15984, tid=1460
#
# JRE version: OpenJDK Runtime Environment (21.0.1+12) (build 21.0.1+12-29)
# Java VM: OpenJDK 64-Bit Server VM (21.0.1+12-29, mixed mode, sharing, tiered, compressed oops, compressed class ptrs, g1 gc, windows-amd64)
# No core dump will be written. Minidumps are not enabled by default on client versions of Windows
#

---------------  S U M M A R Y ------------

Command Line: -javaagent:C:\Program Files\JetBrains\IntelliJ IDEA Community Edition 2023.3.2\lib\idea_rt.jar=62015:C:\Program Files\JetBrains\IntelliJ IDEA Community Edition 2023.3.2\bin -Dfile.encoding=UTF-8 -Dsun.stdout.encoding=UTF-8 -Dsun.stderr.encoding=UTF-8 security.SecurityApplication

Host: Intel(R) Core(TM) i5-1035G1 CPU @ 1.00GHz, 8 cores, 15G,  Windows 11 , 64 bit Build 22621 (10.0.22621.3235)
Time: Tue Apr 23 00:15:30 2024 W. Europe Summer Time elapsed time: 1.591570 seconds (0d 0h 0m 1s)

---------------  T H R E A D  ---------------

Current thread (0x00000192f9605b90):  JavaThread "C2 CompilerThread1" daemon [_thread_in_native, id=1460, stack(0x00000014cfb00000,0x00000014cfc00000) (1024K)]


Current CompileTask:
C2:   1591 2210   !   4       java.util.zip.InflaterInputStream::read (129 bytes)

Stack: [0x00000014cfb00000,0x00000014cfc00000]
Native frames: (J=compiled Java code, j=interpreted, Vv=VM code, C=native code)
V  [jvm.dll+0x6c9029]
V  [jvm.dll+0x854b81]
V  [jvm.dll+0x856e5e]
V  [jvm.dll+0x857543]
V  [jvm.dll+0x280c06]
V  [jvm.dll+0xc3ead]
V  [jvm.dll+0xc43c3]
V  [jvm.dll+0x3b576c]
V  [jvm.dll+0x1e20b9]
V  [jvm.dll+0x249c22]
V  [jvm.dll+0x2490b1]
V  [jvm.dll+0x1c9ca1]
V  [jvm.dll+0x2586b9]
V  [jvm.dll+0x256c9a]
V  [jvm.dll+0x3ef1b6]
V  [jvm.dll+0x7fd728]
V  [jvm.dll+0x6c777d]
C  [ucrtbase.dll+0x29363]
C  [KERNEL32.DLL+0x1257d]
C  [ntdll.dll+0x5aa58]


---------------  P R O C E S S  ---------------

Threads class SMR info:
_java_thread_list=0x00000192fe982330, length=14, elements={
0x00000192e7034d10, 0x00000192f8b31170, 0x00000192f8b31e90, 0x00000192f8b39cb0,
0x00000192f8b3aba0, 0x00000192f8b3ba10, 0x00000192f8b3d480, 0x00000192f94003d0,
0x00000192f9401280, 0x00000192f8afe320, 0x00000192f9605b90, 0x00000192f97b35c0,
0x00000192f97b3c30, 0x00000192fe310f00
}

Java Threads: ( => current thread )
  0x00000192e7034d10 JavaThread "main"                              [_thread_in_vm, id=22044, stack(0x00000014cea00000,0x00000014ceb00000) (1024K)]
  0x00000192f8b31170 JavaThread "Reference Handler"          daemon [_thread_blocked, id=15916, stack(0x00000014cf200000,0x00000014cf300000) (1024K)]
  0x00000192f8b31e90 JavaThread "Finalizer"                  daemon [_thread_blocked, id=20900, stack(0x00000014cf300000,0x00000014cf400000) (1024K)]
  0x00000192f8b39cb0 JavaThread "Signal Dispatcher"          daemon [_thread_blocked, id=6904, stack(0x00000014cf400000,0x00000014cf500000) (1024K)]
  0x00000192f8b3aba0 JavaThread "Attach Listener"            daemon [_thread_blocked, id=20700, stack(0x00000014cf500000,0x00000014cf600000) (1024K)]
  0x00000192f8b3ba10 JavaThread "Service Thread"             daemon [_thread_blocked, id=15904, stack(0x00000014cf600000,0x00000014cf700000) (1024K)]
  0x00000192f8b3d480 JavaThread "Monitor Deflation Thread"   daemon [_thread_blocked, id=23024, stack(0x00000014cf700000,0x00000014cf800000) (1024K)]
  0x00000192f94003d0 JavaThread "C2 CompilerThread0"         daemon [_thread_in_native, id=18580, stack(0x00000014cf800000,0x00000014cf900000) (1024K)]
  0x00000192f9401280 JavaThread "C1 CompilerThread0"         daemon [_thread_in_native, id=12768, stack(0x00000014cf900000,0x00000014cfa00000) (1024K)]
  0x00000192f8afe320 JavaThread "Common-Cleaner"             daemon [_thread_blocked, id=20292, stack(0x00000014cfa00000,0x00000014cfb00000) (1024K)]
=>0x00000192f9605b90 JavaThread "C2 CompilerThread1"         daemon [_thread_in_native, id=1460, stack(0x00000014cfb00000,0x00000014cfc00000) (1024K)]
  0x00000192f97b35c0 JavaThread "Monitor Ctrl-Break"         daemon [_thread_in_native, id=10044, stack(0x00000014cfc00000,0x00000014cfd00000) (1024K)]
  0x00000192f97b3c30 JavaThread "Notification Thread"        daemon [_thread_blocked, id=14468, stack(0x00000014cfd00000,0x00000014cfe00000) (1024K)]
  0x00000192fe310f00 JavaThread "C2 CompilerThread2"         daemon [_thread_in_native, id=24044, stack(0x00000014d0300000,0x00000014d0400000) (1024K)]
Total: 14

Other Threads:
  0x00000192e6fe5550 VMThread "VM Thread"                           [id=13964, stack(0x00000014cf100000,0x00000014cf200000) (1024K)]
  0x00000192f8afd550 WatcherThread "VM Periodic Task Thread"        [id=18832, stack(0x00000014cf000000,0x00000014cf100000) (1024K)]
  0x00000192e6fe4a70 WorkerThread "GC Thread#0"                     [id=17808, stack(0x00000014ceb00000,0x00000014cec00000) (1024K)]
  0x00000192e6fe58f0 WorkerThread "GC Thread#1"                     [id=22692, stack(0x00000014cfe00000,0x00000014cff00000) (1024K)]
  0x00000192e6fe3f90 WorkerThread "GC Thread#2"                     [id=18860, stack(0x00000014cff00000,0x00000014d0000000) (1024K)]
  0x00000192e6fe4330 WorkerThread "GC Thread#3"                     [id=18760, stack(0x00000014d0000000,0x00000014d0100000) (1024K)]
  0x00000192fe297720 WorkerThread "GC Thread#4"                     [id=18480, stack(0x00000014d0100000,0x00000014d0200000) (1024K)]
  0x00000192fe296fe0 WorkerThread "GC Thread#5"                     [id=14764, stack(0x00000014d0200000,0x00000014d0300000) (1024K)]
  0x00000192fe298200 WorkerThread "GC Thread#6"                     [id=1736, stack(0x00000014d0500000,0x00000014d0600000) (1024K)]
  0x00000192fe295a20 WorkerThread "GC Thread#7"                     [id=21680, stack(0x00000014d0600000,0x00000014d0700000) (1024K)]
  0x00000192e92b3030 ConcurrentGCThread "G1 Main Marker"            [id=9348, stack(0x00000014cec00000,0x00000014ced00000) (1024K)]
  0x00000192e6fe51b0 WorkerThread "G1 Conc#0"                       [id=10868, stack(0x00000014ced00000,0x00000014cee00000) (1024K)]
  0x00000192f89d0fe0 ConcurrentGCThread "G1 Refine#0"               [id=15676, stack(0x00000014cee00000,0x00000014cef00000) (1024K)]
  0x00000192f89d1a50 ConcurrentGCThread "G1 Service"                [id=6784, stack(0x00000014cef00000,0x00000014cf000000) (1024K)]
Total: 14

Threads with active compile tasks:
C2 CompilerThread0     1611 2151   !   4       java.net.URL::<init> (543 bytes)
C2 CompilerThread1     1611 2210   !   4       java.util.zip.InflaterInputStream::read (129 bytes)
C2 CompilerThread2     1611 2221       4       java.util.Properties$LineReader::readLine (584 bytes)
Total: 3

VM state: not at safepoint (normal execution)

VM Mutex/Monitor currently owned by a thread: None

Heap address: 0x0000000704000000, size: 4032 MB, Compressed Oops mode: Zero based, Oop shift amount: 3

CDS archive(s) mapped at: [0x000001928f000000-0x000001928fc90000-0x000001928fc90000), size 13172736, SharedBaseAddress: 0x000001928f000000, ArchiveRelocationMode: 1.
Compressed class space mapped at: 0x0000019290000000-0x00000192d0000000, reserved size: 1073741824
Narrow klass base: 0x000001928f000000, Narrow klass shift: 0, Narrow klass range: 0x100000000

GC Precious Log:
 CardTable entry size: 512
 Card Set container configuration: InlinePtr #cards 4 size 8 Array Of Cards #cards 16 size 48 Howl #buckets 8 coarsen threshold 3686 Howl Bitmap #cards 512 size 80 coarsen threshold 460 Card regions per heap region 1 cards per card region 4096
 CPUs: 8 total, 8 available
 Memory: 16124M
 Large Page Support: Disabled
 NUMA Support: Disabled
 Compressed Oops: Enabled (Zero based)
 Heap Region Size: 2M
 Heap Min Capacity: 8M
 Heap Initial Capacity: 252M
 Heap Max Capacity: 4032M
 Pre-touch: Disabled
 Parallel Workers: 8
 Concurrent Workers: 2
 Concurrent Refinement Workers: 8
 Periodic GC: Disabled

Heap:
 garbage-first heap   total 258048K, used 30246K [0x0000000704000000, 0x0000000800000000)
  region size 2048K, 13 young (26624K), 2 survivors (4096K)
 Metaspace       used 18567K, committed 18816K, reserved 1114112K
  class space    used 2266K, committed 2368K, reserved 1048576K

Heap Regions: E=young(eden), S=young(survivor), O=old, HS=humongous(starts), HC=humongous(continues), CS=collection set, F=free, TAMS=top-at-mark-start, PB=parsable bottom
|   0|0x0000000704000000, 0x0000000704200000, 0x0000000704200000|100%| O|  |TAMS 0x0000000704000000| PB 0x0000000704000000| Untracked 
|   1|0x0000000704200000, 0x0000000704400000, 0x0000000704400000|100%| O|  |TAMS 0x0000000704200000| PB 0x0000000704200000| Untracked 
|   2|0x0000000704400000, 0x0000000704600000, 0x0000000704600000|100%| O|  |TAMS 0x0000000704400000| PB 0x0000000704400000| Untracked 
|   3|0x0000000704600000, 0x00000007046c1428, 0x0000000704800000| 37%| O|  |TAMS 0x0000000704600000| PB 0x0000000704600000| Untracked 
|   4|0x0000000704800000, 0x0000000704800000, 0x0000000704a00000|  0%| F|  |TAMS 0x0000000704800000| PB 0x0000000704800000| Untracked 
|   5|0x0000000704a00000, 0x0000000704a00000, 0x0000000704c00000|  0%| F|  |TAMS 0x0000000704a00000| PB 0x0000000704a00000| Untracked 
|   6|0x0000000704c00000, 0x0000000704c00000, 0x0000000704e00000|  0%| F|  |TAMS 0x0000000704c00000| PB 0x0000000704c00000| Untracked 
|   7|0x0000000704e00000, 0x0000000704e00000, 0x0000000705000000|  0%| F|  |TAMS 0x0000000704e00000| PB 0x0000000704e00000| Untracked 
|   8|0x0000000705000000, 0x0000000705000000, 0x0000000705200000|  0%| F|  |TAMS 0x0000000705000000| PB 0x0000000705000000| Untracked 
|   9|0x0000000705200000, 0x0000000705200000, 0x0000000705400000|  0%| F|  |TAMS 0x0000000705200000| PB 0x0000000705200000| Untracked 
|  10|0x0000000705400000, 0x0000000705400000, 0x0000000705600000|  0%| F|  |TAMS 0x0000000705400000| PB 0x0000000705400000| Untracked 
|  11|0x0000000705600000, 0x0000000705600000, 0x0000000705800000|  0%| F|  |TAMS 0x0000000705600000| PB 0x0000000705600000| Untracked 
|  12|0x0000000705800000, 0x0000000705800000, 0x0000000705a00000|  0%| F|  |TAMS 0x0000000705800000| PB 0x0000000705800000| Untracked 
|  13|0x0000000705a00000, 0x0000000705a00000, 0x0000000705c00000|  0%| F|  |TAMS 0x0000000705a00000| PB 0x0000000705a00000| Untracked 
|  14|0x0000000705c00000, 0x0000000705c00000, 0x0000000705e00000|  0%| F|  |TAMS 0x0000000705c00000| PB 0x0000000705c00000| Untracked 
|  15|0x0000000705e00000, 0x0000000705e00000, 0x0000000706000000|  0%| F|  |TAMS 0x0000000705e00000| PB 0x0000000705e00000| Untracked 
|  16|0x0000000706000000, 0x0000000706000000, 0x0000000706200000|  0%| F|  |TAMS 0x0000000706000000| PB 0x0000000706000000| Untracked 
|  17|0x0000000706200000, 0x0000000706200000, 0x0000000706400000|  0%| F|  |TAMS 0x0000000706200000| PB 0x0000000706200000| Untracked 
|  18|0x0000000706400000, 0x0000000706400000, 0x0000000706600000|  0%| F|  |TAMS 0x0000000706400000| PB 0x0000000706400000| Untracked 
|  19|0x0000000706600000, 0x0000000706600000, 0x0000000706800000|  0%| F|  |TAMS 0x0000000706600000| PB 0x0000000706600000| Untracked 
|  20|0x0000000706800000, 0x0000000706800000, 0x0000000706a00000|  0%| F|  |TAMS 0x0000000706800000| PB 0x0000000706800000| Untracked 
|  21|0x0000000706a00000, 0x0000000706a00000, 0x0000000706c00000|  0%| F|  |TAMS 0x0000000706a00000| PB 0x0000000706a00000| Untracked 
|  22|0x0000000706c00000, 0x0000000706c00000, 0x0000000706e00000|  0%| F|  |TAMS 0x0000000706c00000| PB 0x0000000706c00000| Untracked 
|  23|0x0000000706e00000, 0x0000000706e00000, 0x0000000707000000|  0%| F|  |TAMS 0x0000000706e00000| PB 0x0000000706e00000| Untracked 
|  24|0x0000000707000000, 0x0000000707000000, 0x0000000707200000|  0%| F|  |TAMS 0x0000000707000000| PB 0x0000000707000000| Untracked 
|  25|0x0000000707200000, 0x0000000707200000, 0x0000000707400000|  0%| F|  |TAMS 0x0000000707200000| PB 0x0000000707200000| Untracked 
|  26|0x0000000707400000, 0x0000000707400000, 0x0000000707600000|  0%| F|  |TAMS 0x0000000707400000| PB 0x0000000707400000| Untracked 
|  27|0x0000000707600000, 0x0000000707600000, 0x0000000707800000|  0%| F|  |TAMS 0x0000000707600000| PB 0x0000000707600000| Untracked 
|  28|0x0000000707800000, 0x0000000707800000, 0x0000000707a00000|  0%| F|  |TAMS 0x0000000707800000| PB 0x0000000707800000| Untracked 
|  29|0x0000000707a00000, 0x0000000707a00000, 0x0000000707c00000|  0%| F|  |TAMS 0x0000000707a00000| PB 0x0000000707a00000| Untracked 
|  30|0x0000000707c00000, 0x0000000707c00000, 0x0000000707e00000|  0%| F|  |TAMS 0x0000000707c00000| PB 0x0000000707c00000| Untracked 
|  31|0x0000000707e00000, 0x0000000707e00000, 0x0000000708000000|  0%| F|  |TAMS 0x0000000707e00000| PB 0x0000000707e00000| Untracked 
|  32|0x0000000708000000, 0x0000000708000000, 0x0000000708200000|  0%| F|  |TAMS 0x0000000708000000| PB 0x0000000708000000| Untracked 
|  33|0x0000000708200000, 0x0000000708200000, 0x0000000708400000|  0%| F|  |TAMS 0x0000000708200000| PB 0x0000000708200000| Untracked 
|  34|0x0000000708400000, 0x0000000708400000, 0x0000000708600000|  0%| F|  |TAMS 0x0000000708400000| PB 0x0000000708400000| Untracked 
|  35|0x0000000708600000, 0x0000000708600000, 0x0000000708800000|  0%| F|  |TAMS 0x0000000708600000| PB 0x0000000708600000| Untracked 
|  36|0x0000000708800000, 0x0000000708800000, 0x0000000708a00000|  0%| F|  |TAMS 0x0000000708800000| PB 0x0000000708800000| Untracked 
|  37|0x0000000708a00000, 0x0000000708a00000, 0x0000000708c00000|  0%| F|  |TAMS 0x0000000708a00000| PB 0x0000000708a00000| Untracked 
|  38|0x0000000708c00000, 0x0000000708c00000, 0x0000000708e00000|  0%| F|  |TAMS 0x0000000708c00000| PB 0x0000000708c00000| Untracked 
|  39|0x0000000708e00000, 0x0000000708e00000, 0x0000000709000000|  0%| F|  |TAMS 0x0000000708e00000| PB 0x0000000708e00000| Untracked 
|  40|0x0000000709000000, 0x0000000709000000, 0x0000000709200000|  0%| F|  |TAMS 0x0000000709000000| PB 0x0000000709000000| Untracked 
|  41|0x0000000709200000, 0x0000000709200000, 0x0000000709400000|  0%| F|  |TAMS 0x0000000709200000| PB 0x0000000709200000| Untracked 
|  42|0x0000000709400000, 0x0000000709400000, 0x0000000709600000|  0%| F|  |TAMS 0x0000000709400000| PB 0x0000000709400000| Untracked 
|  43|0x0000000709600000, 0x0000000709600000, 0x0000000709800000|  0%| F|  |TAMS 0x0000000709600000| PB 0x0000000709600000| Untracked 
|  44|0x0000000709800000, 0x0000000709800000, 0x0000000709a00000|  0%| F|  |TAMS 0x0000000709800000| PB 0x0000000709800000| Untracked 
|  45|0x0000000709a00000, 0x0000000709a00000, 0x0000000709c00000|  0%| F|  |TAMS 0x0000000709a00000| PB 0x0000000709a00000| Untracked 
|  46|0x0000000709c00000, 0x0000000709c00000, 0x0000000709e00000|  0%| F|  |TAMS 0x0000000709c00000| PB 0x0000000709c00000| Untracked 
|  47|0x0000000709e00000, 0x0000000709e00000, 0x000000070a000000|  0%| F|  |TAMS 0x0000000709e00000| PB 0x0000000709e00000| Untracked 
|  48|0x000000070a000000, 0x000000070a000000, 0x000000070a200000|  0%| F|  |TAMS 0x000000070a000000| PB 0x000000070a000000| Untracked 
|  49|0x000000070a200000, 0x000000070a200000, 0x000000070a400000|  0%| F|  |TAMS 0x000000070a200000| PB 0x000000070a200000| Untracked 
|  50|0x000000070a400000, 0x000000070a400000, 0x000000070a600000|  0%| F|  |TAMS 0x000000070a400000| PB 0x000000070a400000| Untracked 
|  51|0x000000070a600000, 0x000000070a600000, 0x000000070a800000|  0%| F|  |TAMS 0x000000070a600000| PB 0x000000070a600000| Untracked 
|  52|0x000000070a800000, 0x000000070a800000, 0x000000070aa00000|  0%| F|  |TAMS 0x000000070a800000| PB 0x000000070a800000| Untracked 
|  53|0x000000070aa00000, 0x000000070aa00000, 0x000000070ac00000|  0%| F|  |TAMS 0x000000070aa00000| PB 0x000000070aa00000| Untracked 
|  54|0x000000070ac00000, 0x000000070ac00000, 0x000000070ae00000|  0%| F|  |TAMS 0x000000070ac00000| PB 0x000000070ac00000| Untracked 
|  55|0x000000070ae00000, 0x000000070ae00000, 0x000000070b000000|  0%| F|  |TAMS 0x000000070ae00000| PB 0x000000070ae00000| Untracked 
|  56|0x000000070b000000, 0x000000070b000000, 0x000000070b200000|  0%| F|  |TAMS 0x000000070b000000| PB 0x000000070b000000| Untracked 
|  57|0x000000070b200000, 0x000000070b200000, 0x000000070b400000|  0%| F|  |TAMS 0x000000070b200000| PB 0x000000070b200000| Untracked 
|  58|0x000000070b400000, 0x000000070b400000, 0x000000070b600000|  0%| F|  |TAMS 0x000000070b400000| PB 0x000000070b400000| Untracked 
|  59|0x000000070b600000, 0x000000070b600000, 0x000000070b800000|  0%| F|  |TAMS 0x000000070b600000| PB 0x000000070b600000| Untracked 
|  60|0x000000070b800000, 0x000000070b800000, 0x000000070ba00000|  0%| F|  |TAMS 0x000000070b800000| PB 0x000000070b800000| Untracked 
|  61|0x000000070ba00000, 0x000000070ba00000, 0x000000070bc00000|  0%| F|  |TAMS 0x000000070ba00000| PB 0x000000070ba00000| Untracked 
|  62|0x000000070bc00000, 0x000000070bc00000, 0x000000070be00000|  0%| F|  |TAMS 0x000000070bc00000| PB 0x000000070bc00000| Untracked 
|  63|0x000000070be00000, 0x000000070be00000, 0x000000070c000000|  0%| F|  |TAMS 0x000000070be00000| PB 0x000000070be00000| Untracked 
|  64|0x000000070c000000, 0x000000070c000000, 0x000000070c200000|  0%| F|  |TAMS 0x000000070c000000| PB 0x000000070c000000| Untracked 
|  65|0x000000070c200000, 0x000000070c200000, 0x000000070c400000|  0%| F|  |TAMS 0x000000070c200000| PB 0x000000070c200000| Untracked 
|  66|0x000000070c400000, 0x000000070c400000, 0x000000070c600000|  0%| F|  |TAMS 0x000000070c400000| PB 0x000000070c400000| Untracked 
|  67|0x000000070c600000, 0x000000070c600000, 0x000000070c800000|  0%| F|  |TAMS 0x000000070c600000| PB 0x000000070c600000| Untracked 
|  68|0x000000070c800000, 0x000000070c800000, 0x000000070ca00000|  0%| F|  |TAMS 0x000000070c800000| PB 0x000000070c800000| Untracked 
|  69|0x000000070ca00000, 0x000000070ca00000, 0x000000070cc00000|  0%| F|  |TAMS 0x000000070ca00000| PB 0x000000070ca00000| Untracked 
|  70|0x000000070cc00000, 0x000000070cc00000, 0x000000070ce00000|  0%| F|  |TAMS 0x000000070cc00000| PB 0x000000070cc00000| Untracked 
|  71|0x000000070ce00000, 0x000000070ce00000, 0x000000070d000000|  0%| F|  |TAMS 0x000000070ce00000| PB 0x000000070ce00000| Untracked 
|  72|0x000000070d000000, 0x000000070d000000, 0x000000070d200000|  0%| F|  |TAMS 0x000000070d000000| PB 0x000000070d000000| Untracked 
|  73|0x000000070d200000, 0x000000070d200000, 0x000000070d400000|  0%| F|  |TAMS 0x000000070d200000| PB 0x000000070d200000| Untracked 
|  74|0x000000070d400000, 0x000000070d400000, 0x000000070d600000|  0%| F|  |TAMS 0x000000070d400000| PB 0x000000070d400000| Untracked 
|  75|0x000000070d600000, 0x000000070d600000, 0x000000070d800000|  0%| F|  |TAMS 0x000000070d600000| PB 0x000000070d600000| Untracked 
|  76|0x000000070d800000, 0x000000070d800000, 0x000000070da00000|  0%| F|  |TAMS 0x000000070d800000| PB 0x000000070d800000| Untracked 
|  77|0x000000070da00000, 0x000000070da00000, 0x000000070dc00000|  0%| F|  |TAMS 0x000000070da00000| PB 0x000000070da00000| Untracked 
|  78|0x000000070dc00000, 0x000000070dc00000, 0x000000070de00000|  0%| F|  |TAMS 0x000000070dc00000| PB 0x000000070dc00000| Untracked 
|  79|0x000000070de00000, 0x000000070de00000, 0x000000070e000000|  0%| F|  |TAMS 0x000000070de00000| PB 0x000000070de00000| Untracked 
|  80|0x000000070e000000, 0x000000070e000000, 0x000000070e200000|  0%| F|  |TAMS 0x000000070e000000| PB 0x000000070e000000| Untracked 
|  81|0x000000070e200000, 0x000000070e200000, 0x000000070e400000|  0%| F|  |TAMS 0x000000070e200000| PB 0x000000070e200000| Untracked 
|  82|0x000000070e400000, 0x000000070e400000, 0x000000070e600000|  0%| F|  |TAMS 0x000000070e400000| PB 0x000000070e400000| Untracked 
|  83|0x000000070e600000, 0x000000070e600000, 0x000000070e800000|  0%| F|  |TAMS 0x000000070e600000| PB 0x000000070e600000| Untracked 
|  84|0x000000070e800000, 0x000000070e800000, 0x000000070ea00000|  0%| F|  |TAMS 0x000000070e800000| PB 0x000000070e800000| Untracked 
|  85|0x000000070ea00000, 0x000000070ea00000, 0x000000070ec00000|  0%| F|  |TAMS 0x000000070ea00000| PB 0x000000070ea00000| Untracked 
|  86|0x000000070ec00000, 0x000000070ec00000, 0x000000070ee00000|  0%| F|  |TAMS 0x000000070ec00000| PB 0x000000070ec00000| Untracked 
|  87|0x000000070ee00000, 0x000000070ee00000, 0x000000070f000000|  0%| F|  |TAMS 0x000000070ee00000| PB 0x000000070ee00000| Untracked 
|  88|0x000000070f000000, 0x000000070f000000, 0x000000070f200000|  0%| F|  |TAMS 0x000000070f000000| PB 0x000000070f000000| Untracked 
|  89|0x000000070f200000, 0x000000070f200000, 0x000000070f400000|  0%| F|  |TAMS 0x000000070f200000| PB 0x000000070f200000| Untracked 
|  90|0x000000070f400000, 0x000000070f400000, 0x000000070f600000|  0%| F|  |TAMS 0x000000070f400000| PB 0x000000070f400000| Untracked 
|  91|0x000000070f600000, 0x000000070f600000, 0x000000070f800000|  0%| F|  |TAMS 0x000000070f600000| PB 0x000000070f600000| Untracked 
|  92|0x000000070f800000, 0x000000070f800000, 0x000000070fa00000|  0%| F|  |TAMS 0x000000070f800000| PB 0x000000070f800000| Untracked 
|  93|0x000000070fa00000, 0x000000070fa00000, 0x000000070fc00000|  0%| F|  |TAMS 0x000000070fa00000| PB 0x000000070fa00000| Untracked 
|  94|0x000000070fc00000, 0x000000070fc00000, 0x000000070fe00000|  0%| F|  |TAMS 0x000000070fc00000| PB 0x000000070fc00000| Untracked 
|  95|0x000000070fe00000, 0x000000070fe00000, 0x0000000710000000|  0%| F|  |TAMS 0x000000070fe00000| PB 0x000000070fe00000| Untracked 
|  96|0x0000000710000000, 0x0000000710000000, 0x0000000710200000|  0%| F|  |TAMS 0x0000000710000000| PB 0x0000000710000000| Untracked 
|  97|0x0000000710200000, 0x0000000710200000, 0x0000000710400000|  0%| F|  |TAMS 0x0000000710200000| PB 0x0000000710200000| Untracked 
|  98|0x0000000710400000, 0x0000000710400000, 0x0000000710600000|  0%| F|  |TAMS 0x0000000710400000| PB 0x0000000710400000| Untracked 
|  99|0x0000000710600000, 0x0000000710600000, 0x0000000710800000|  0%| F|  |TAMS 0x0000000710600000| PB 0x0000000710600000| Untracked 
| 100|0x0000000710800000, 0x0000000710800000, 0x0000000710a00000|  0%| F|  |TAMS 0x0000000710800000| PB 0x0000000710800000| Untracked 
| 101|0x0000000710a00000, 0x0000000710a00000, 0x0000000710c00000|  0%| F|  |TAMS 0x0000000710a00000| PB 0x0000000710a00000| Untracked 
| 102|0x0000000710c00000, 0x0000000710c00000, 0x0000000710e00000|  0%| F|  |TAMS 0x0000000710c00000| PB 0x0000000710c00000| Untracked 
| 103|0x0000000710e00000, 0x0000000710e00000, 0x0000000711000000|  0%| F|  |TAMS 0x0000000710e00000| PB 0x0000000710e00000| Untracked 
| 104|0x0000000711000000, 0x0000000711000000, 0x0000000711200000|  0%| F|  |TAMS 0x0000000711000000| PB 0x0000000711000000| Untracked 
| 105|0x0000000711200000, 0x0000000711200000, 0x0000000711400000|  0%| F|  |TAMS 0x0000000711200000| PB 0x0000000711200000| Untracked 
| 106|0x0000000711400000, 0x0000000711400000, 0x0000000711600000|  0%| F|  |TAMS 0x0000000711400000| PB 0x0000000711400000| Untracked 
| 107|0x0000000711600000, 0x0000000711600000, 0x0000000711800000|  0%| F|  |TAMS 0x0000000711600000| PB 0x0000000711600000| Untracked 
| 108|0x0000000711800000, 0x00000007118c8460, 0x0000000711a00000| 39%| S|CS|TAMS 0x0000000711800000| PB 0x0000000711800000| Complete 
| 109|0x0000000711a00000, 0x0000000711c00000, 0x0000000711c00000|100%| S|CS|TAMS 0x0000000711a00000| PB 0x0000000711a00000| Complete 
| 110|0x0000000711c00000, 0x0000000711c00000, 0x0000000711e00000|  0%| F|  |TAMS 0x0000000711c00000| PB 0x0000000711c00000| Untracked 
| 111|0x0000000711e00000, 0x0000000711e00000, 0x0000000712000000|  0%| F|  |TAMS 0x0000000711e00000| PB 0x0000000711e00000| Untracked 
| 112|0x0000000712000000, 0x0000000712000000, 0x0000000712200000|  0%| F|  |TAMS 0x0000000712000000| PB 0x0000000712000000| Untracked 
| 113|0x0000000712200000, 0x0000000712200000, 0x0000000712400000|  0%| F|  |TAMS 0x0000000712200000| PB 0x0000000712200000| Untracked 
| 114|0x0000000712400000, 0x0000000712400000, 0x0000000712600000|  0%| F|  |TAMS 0x0000000712400000| PB 0x0000000712400000| Untracked 
| 115|0x0000000712600000, 0x00000007126ecd98, 0x0000000712800000| 46%| E|  |TAMS 0x0000000712600000| PB 0x0000000712600000| Complete 
| 116|0x0000000712800000, 0x0000000712a00000, 0x0000000712a00000|100%| E|CS|TAMS 0x0000000712800000| PB 0x0000000712800000| Complete 
| 117|0x0000000712a00000, 0x0000000712c00000, 0x0000000712c00000|100%| E|CS|TAMS 0x0000000712a00000| PB 0x0000000712a00000| Complete 
| 118|0x0000000712c00000, 0x0000000712e00000, 0x0000000712e00000|100%| E|CS|TAMS 0x0000000712c00000| PB 0x0000000712c00000| Complete 
| 119|0x0000000712e00000, 0x0000000713000000, 0x0000000713000000|100%| E|CS|TAMS 0x0000000712e00000| PB 0x0000000712e00000| Complete 
| 120|0x0000000713000000, 0x0000000713200000, 0x0000000713200000|100%| E|CS|TAMS 0x0000000713000000| PB 0x0000000713000000| Complete 
| 121|0x0000000713200000, 0x0000000713400000, 0x0000000713400000|100%| E|CS|TAMS 0x0000000713200000| PB 0x0000000713200000| Complete 
| 122|0x0000000713400000, 0x0000000713600000, 0x0000000713600000|100%| E|CS|TAMS 0x0000000713400000| PB 0x0000000713400000| Complete 
| 123|0x0000000713600000, 0x0000000713800000, 0x0000000713800000|100%| E|CS|TAMS 0x0000000713600000| PB 0x0000000713600000| Complete 
| 124|0x0000000713800000, 0x0000000713a00000, 0x0000000713a00000|100%| E|CS|TAMS 0x0000000713800000| PB 0x0000000713800000| Complete 
| 125|0x0000000713a00000, 0x0000000713c00000, 0x0000000713c00000|100%| E|CS|TAMS 0x0000000713a00000| PB 0x0000000713a00000| Complete 

Card table byte_map: [0x00000192f2150000,0x00000192f2930000] _byte_map_base: 0x00000192ee930000

Marking Bits: (CMBitMap*) 0x00000192e92a2040
 Bits: [0x00000192f2930000, 0x00000192f6830000)

Polling page: 0x00000192e89c0000

Metaspace:

Usage:
  Non-class:     15.96 MB used.
      Class:      2.21 MB used.
       Both:     18.17 MB used.

Virtual space:
  Non-class space:       64.00 MB reserved,      16.12 MB ( 25%) committed,  1 nodes.
      Class space:        1.00 GB reserved,       2.31 MB ( <1%) committed,  1 nodes.
             Both:        1.06 GB reserved,      18.44 MB (  2%) committed. 

Chunk freelists:
   Non-Class:  15.78 MB
       Class:  13.69 MB
        Both:  29.47 MB

MaxMetaspaceSize: unlimited
CompressedClassSpaceSize: 1.00 GB
Initial GC threshold: 21.00 MB
Current GC threshold: 21.00 MB
CDS: on
 - commit_granule_bytes: 65536.
 - commit_granule_words: 8192.
 - virtual_space_node_default_size: 8388608.
 - enlarge_chunks_in_place: 1.
 - use_allocation_guard: 0.


Internal statistics:

num_allocs_failed_limit: 0.
num_arena_births: 266.
num_arena_deaths: 0.
num_vsnodes_births: 2.
num_vsnodes_deaths: 0.
num_space_committed: 295.
num_space_uncommitted: 0.
num_chunks_returned_to_freelist: 0.
num_chunks_taken_from_freelist: 902.
num_chunk_merges: 0.
num_chunk_splits: 598.
num_chunks_enlarged: 427.
num_inconsistent_stats: 0.

CodeHeap 'non-profiled nmethods': size=120000Kb used=898Kb max_used=898Kb free=119101Kb
 bounds [0x0000019287ad0000, 0x0000019287d40000, 0x000001928f000000]
CodeHeap 'profiled nmethods': size=120000Kb used=4455Kb max_used=4455Kb free=115544Kb
 bounds [0x0000019280000000, 0x0000019280460000, 0x0000019287530000]
CodeHeap 'non-nmethods': size=5760Kb used=1578Kb max_used=1616Kb free=4181Kb
 bounds [0x0000019287530000, 0x00000192877a0000, 0x0000019287ad0000]
 total_blobs=2816 nmethods=2299 adapters=421
 compilation: enabled
              stopped_count=0, restarted_count=0
 full_count=0

Compilation events (20 events):
Event: 1.582 Thread 0x00000192fe310f00 nmethod 2222% 0x0000019287babb10 code [0x0000019287babd20, 0x0000019287bac7f0]
Event: 1.583 Thread 0x00000192f9401280 nmethod 2234 0x0000019280426310 code [0x0000019280426580, 0x0000019280426d50]
Event: 1.583 Thread 0x00000192f9401280 2246       3       java.util.HashMap::<init> (8 bytes)
Event: 1.583 Thread 0x00000192f9401280 nmethod 2246 0x0000019280427090 code [0x0000019280427260, 0x00000192804273a8]
Event: 1.583 Thread 0x00000192fe310f00 2220       4       java.util.Properties::loadConvert (540 bytes)
Event: 1.583 Thread 0x00000192f9401280 2242       3       java.lang.invoke.MethodHandles$Lookup::hasFullPrivilegeAccess (18 bytes)
Event: 1.583 Thread 0x00000192f9401280 nmethod 2242 0x0000019280427490 code [0x0000019280427620, 0x0000019280427790]
Event: 1.583 Thread 0x00000192f9401280 2243       3       java.lang.invoke.InfoFromMemberName::<init> (72 bytes)
Event: 1.583 Thread 0x00000192f9401280 nmethod 2243 0x0000019280427810 code [0x00000192804279c0, 0x0000019280427bb0]
Event: 1.584 Thread 0x00000192f9401280 2245       1       java.util.Collections$EmptySet::size (2 bytes)
Event: 1.584 Thread 0x00000192f9401280 nmethod 2245 0x0000019287bacd90 code [0x0000019287bacf20, 0x0000019287bacfe8]
Event: 1.584 Thread 0x00000192f9401280 2244       1       org.springframework.core.io.DefaultResourceLoader::getProtocolResolvers (5 bytes)
Event: 1.584 Thread 0x00000192f9401280 nmethod 2244 0x0000019287bad090 code [0x0000019287bad220, 0x0000019287bad2f0]
Event: 1.584 Thread 0x00000192f9401280 2247       3       sun.reflect.annotation.AnnotationType::getInstance (65 bytes)
Event: 1.584 Thread 0x00000192f9401280 nmethod 2247 0x0000019280427c90 code [0x0000019280427ea0, 0x0000019280428448]
Event: 1.584 Thread 0x00000192f9401280 2248       3       java.lang.System$2::getAnnotationType (5 bytes)
Event: 1.584 Thread 0x00000192f9401280 nmethod 2248 0x0000019280428710 code [0x00000192804288a0, 0x00000192804289d0]
Event: 1.585 Thread 0x00000192f9401280 2249       3       java.lang.invoke.InnerClassLambdaMetafactory::<init> (258 bytes)
Event: 1.586 Thread 0x00000192f9401280 nmethod 2249 0x0000019280428a90 code [0x0000019280428ec0, 0x000001928042ae70]
Event: 1.587 Thread 0x00000192f9401280 2250       3       java.lang.invoke.AbstractValidatingLambdaMetafactory::validateMetafactoryArgs (607 bytes)

GC Heap History (4 events):
Event: 0.797 GC heap before
{Heap before GC invocations=0 (full 0):
 garbage-first heap   total 258048K, used 20480K [0x0000000704000000, 0x0000000800000000)
  region size 2048K, 11 young (22528K), 0 survivors (0K)
 Metaspace       used 6233K, committed 6464K, reserved 1114112K
  class space    used 712K, committed 832K, reserved 1048576K
}
Event: 0.801 GC heap after
{Heap after GC invocations=1 (full 0):
 garbage-first heap   total 258048K, used 6645K [0x0000000704000000, 0x0000000800000000)
  region size 2048K, 2 young (4096K), 2 survivors (4096K)
 Metaspace       used 6233K, committed 6464K, reserved 1114112K
  class space    used 712K, committed 832K, reserved 1048576K
}
Event: 1.328 GC heap before
{Heap before GC invocations=1 (full 0):
 garbage-first heap   total 258048K, used 33269K [0x0000000704000000, 0x0000000800000000)
  region size 2048K, 16 young (32768K), 2 survivors (4096K)
 Metaspace       used 14205K, committed 14528K, reserved 1114112K
  class space    used 1698K, committed 1856K, reserved 1048576K
}
Event: 1.333 GC heap after
{Heap after GC invocations=2 (full 0):
 garbage-first heap   total 258048K, used 9766K [0x0000000704000000, 0x0000000800000000)
  region size 2048K, 2 young (4096K), 2 survivors (4096K)
 Metaspace       used 14205K, committed 14528K, reserved 1114112K
  class space    used 1698K, committed 1856K, reserved 1048576K
}

Dll operation events (11 events):
Event: 0.014 Loaded shared library C:\Users\couti\.jdks\openjdk-21.0.1\bin\java.dll
Event: 0.054 Loaded shared library C:\Users\couti\.jdks\openjdk-21.0.1\bin\jsvml.dll
Event: 0.148 Loaded shared library C:\Users\couti\.jdks\openjdk-21.0.1\bin\zip.dll
Event: 0.152 Loaded shared library C:\Users\couti\.jdks\openjdk-21.0.1\bin\instrument.dll
Event: 0.158 Loaded shared library C:\Users\couti\.jdks\openjdk-21.0.1\bin\net.dll
Event: 0.161 Loaded shared library C:\Users\couti\.jdks\openjdk-21.0.1\bin\nio.dll
Event: 0.164 Loaded shared library C:\Users\couti\.jdks\openjdk-21.0.1\bin\zip.dll
Event: 0.256 Loaded shared library C:\Program Files\JetBrains\IntelliJ IDEA Community Edition 2023.3.2\bin\breakgen64.dll
Event: 0.268 Loaded shared library C:\Users\couti\.jdks\openjdk-21.0.1\bin\extnet.dll
Event: 0.307 Loaded shared library C:\Users\couti\.jdks\openjdk-21.0.1\bin\jimage.dll
Event: 1.495 Loaded shared library C:\Users\couti\.jdks\openjdk-21.0.1\bin\sunmscapi.dll

Deoptimization events (20 events):
Event: 1.567 Thread 0x00000192e7034d10 DEOPT PACKING pc=0x000001928014d636 sp=0x00000014ceafe860
Event: 1.567 Thread 0x00000192e7034d10 DEOPT UNPACKING pc=0x00000192875888e2 sp=0x00000014ceafdd48 mode 0
Event: 1.567 Thread 0x00000192e7034d10 DEOPT PACKING pc=0x00000192801cb505 sp=0x00000014ceafe850
Event: 1.567 Thread 0x00000192e7034d10 DEOPT UNPACKING pc=0x00000192875888e2 sp=0x00000014ceafdd40 mode 0
Event: 1.567 Thread 0x00000192e7034d10 DEOPT PACKING pc=0x000001928014d636 sp=0x00000014ceafe860
Event: 1.567 Thread 0x00000192e7034d10 DEOPT UNPACKING pc=0x00000192875888e2 sp=0x00000014ceafdd48 mode 0
Event: 1.567 Thread 0x00000192e7034d10 DEOPT PACKING pc=0x00000192801cb505 sp=0x00000014ceafe850
Event: 1.567 Thread 0x00000192e7034d10 DEOPT UNPACKING pc=0x00000192875888e2 sp=0x00000014ceafdd40 mode 0
Event: 1.567 Thread 0x00000192e7034d10 DEOPT PACKING pc=0x000001928014d636 sp=0x00000014ceafe860
Event: 1.567 Thread 0x00000192e7034d10 DEOPT UNPACKING pc=0x00000192875888e2 sp=0x00000014ceafdd48 mode 0
Event: 1.567 Thread 0x00000192e7034d10 DEOPT PACKING pc=0x00000192801cb505 sp=0x00000014ceafe850
Event: 1.567 Thread 0x00000192e7034d10 DEOPT UNPACKING pc=0x00000192875888e2 sp=0x00000014ceafdd40 mode 0
Event: 1.567 Thread 0x00000192e7034d10 DEOPT PACKING pc=0x000001928014d636 sp=0x00000014ceafe860
Event: 1.567 Thread 0x00000192e7034d10 DEOPT UNPACKING pc=0x00000192875888e2 sp=0x00000014ceafdd48 mode 0
Event: 1.568 Thread 0x00000192e7034d10 DEOPT PACKING pc=0x00000192801cb505 sp=0x00000014ceafe850
Event: 1.568 Thread 0x00000192e7034d10 DEOPT UNPACKING pc=0x00000192875888e2 sp=0x00000014ceafdd40 mode 0
Event: 1.568 Thread 0x00000192e7034d10 DEOPT PACKING pc=0x000001928014d636 sp=0x00000014ceafe860
Event: 1.568 Thread 0x00000192e7034d10 DEOPT UNPACKING pc=0x00000192875888e2 sp=0x00000014ceafdd48 mode 0
Event: 1.568 Thread 0x00000192e7034d10 DEOPT PACKING pc=0x00000192801cb505 sp=0x00000014ceafe850
Event: 1.568 Thread 0x00000192e7034d10 DEOPT UNPACKING pc=0x00000192875888e2 sp=0x00000014ceafdd40 mode 0

Classes loaded (20 events):
Event: 1.514 Loading class sun/security/util/ByteArrayTagOrder
Event: 1.514 Loading class sun/security/util/ByteArrayTagOrder done
Event: 1.514 Loading class sun/security/util/ObjectIdentifier
Event: 1.515 Loading class sun/security/util/ObjectIdentifier done
Event: 1.519 Loading class java/security/spec/ECFieldF2m
Event: 1.519 Loading class java/security/spec/ECFieldF2m done
Event: 1.525 Loading class sun/security/ssl/SunJSSE
Event: 1.525 Loading class sun/security/ssl/SunJSSE done
Event: 1.526 Loading class com/sun/crypto/provider/SunJCE
Event: 1.526 Loading class com/sun/crypto/provider/SunJCE done
Event: 1.529 Loading class sun/security/provider/certpath/ldap/JdkLDAP
Event: 1.529 Loading class sun/security/provider/certpath/ldap/JdkLDAP done
Event: 1.530 Loading class sun/security/provider/certpath/ldap/JdkLDAP$ProviderService
Event: 1.530 Loading class sun/security/provider/certpath/ldap/JdkLDAP$ProviderService done
Event: 1.530 Loading class com/sun/security/sasl/Provider
Event: 1.531 Loading class com/sun/security/sasl/Provider done
Event: 1.531 Loading class com/sun/security/sasl/Provider$1
Event: 1.531 Loading class com/sun/security/sasl/Provider$1 done
Event: 1.531 Loading class com/sun/security/sasl/Provider$ProviderService
Event: 1.531 Loading class com/sun/security/sasl/Provider$ProviderService done

Classes unloaded (0 events):
No events

Classes redefined (0 events):
No events

Internal exceptions (20 events):
Event: 1.057 Thread 0x00000192e7034d10 Exception <a 'java/lang/NoSuchMethodError'{0x0000000713372350}: 'java.lang.Object java.lang.invoke.DirectMethodHandle$Holder.invokeVirtual(java.lang.Object, java.lang.Object, java.lang.Object)'> (0x0000000713372350) 
thrown [s\open\src\hotspot\share\interpreter\linkResolver.cpp, line 773]
Event: 1.060 Thread 0x00000192e7034d10 Exception <a 'java/lang/NoSuchMethodError'{0x00000007133913c8}: 'java.lang.Object java.lang.invoke.DirectMethodHandle$Holder.invokeStatic(java.lang.Object, long, java.lang.Object)'> (0x00000007133913c8) 
thrown [s\open\src\hotspot\share\interpreter\linkResolver.cpp, line 773]
Event: 1.061 Thread 0x00000192e7034d10 Exception <a 'java/lang/NoSuchMethodError'{0x0000000713394a20}: 'java.lang.Object java.lang.invoke.DirectMethodHandle$Holder.invokeStaticInit(java.lang.Object, long, java.lang.Object)'> (0x0000000713394a20) 
thrown [s\open\src\hotspot\share\interpreter\linkResolver.cpp, line 773]
Event: 1.061 Thread 0x00000192e7034d10 Exception <a 'java/lang/NoSuchMethodError'{0x000000071339a1c0}: 'java.lang.Object java.lang.invoke.DirectMethodHandle$Holder.newInvokeSpecial(java.lang.Object, long)'> (0x000000071339a1c0) 
thrown [s\open\src\hotspot\share\interpreter\linkResolver.cpp, line 773]
Event: 1.075 Thread 0x00000192e7034d10 Exception <a 'java/lang/NoSuchMethodError'{0x00000007133e93d8}: 'void java.lang.invoke.DirectMethodHandle$Holder.invokeVirtual(java.lang.Object, java.lang.Object, java.lang.Object, java.lang.Object)'> (0x00000007133e93d8) 
thrown [s\open\src\hotspot\share\interpreter\linkResolver.cpp, line 773]
Event: 1.112 Thread 0x00000192e7034d10 Exception <a 'java/lang/NoSuchMethodError'{0x000000071311c898}: 'void java.lang.invoke.DirectMethodHandle$Holder.invokeSpecial(java.lang.Object, java.lang.Object, java.lang.Object)'> (0x000000071311c898) 
thrown [s\open\src\hotspot\share\interpreter\linkResolver.cpp, line 773]
Event: 1.119 Thread 0x00000192fe353690 Exception <a 'java/lang/NoClassDefFoundError'{0x0000000713175030}: jakarta/validation/Validation> (0x0000000713175030) 
thrown [s\open\src\hotspot\share\classfile\systemDictionary.cpp, line 301]
Event: 1.119 Thread 0x00000192e7034d10 Exception <a 'java/lang/IncompatibleClassChangeError'{0x0000000713147570}: Found class java.lang.Object, but interface was expected> (0x0000000713147570) 
thrown [s\open\src\hotspot\share\interpreter\linkResolver.cpp, line 840]
Event: 1.124 Thread 0x00000192e7034d10 Exception <a 'java/lang/NoSuchMethodError'{0x000000071315ae38}: 'java.lang.Object java.lang.invoke.DirectMethodHandle$Holder.invokeStaticInit(java.lang.Object, int)'> (0x000000071315ae38) 
thrown [s\open\src\hotspot\share\interpreter\linkResolver.cpp, line 773]
Event: 1.127 Thread 0x00000192e7034d10 Exception <a 'java/lang/NoSuchMethodError'{0x00000007131b0918}: 'java.lang.Object java.lang.invoke.DirectMethodHandle$Holder.invokeStatic(java.lang.Object, int, java.lang.Object)'> (0x00000007131b0918) 
thrown [s\open\src\hotspot\share\interpreter\linkResolver.cpp, line 773]
Event: 1.128 Thread 0x00000192e7034d10 Exception <a 'java/lang/NoSuchMethodError'{0x00000007131b3f68}: 'java.lang.Object java.lang.invoke.DirectMethodHandle$Holder.invokeStaticInit(java.lang.Object, int, java.lang.Object)'> (0x00000007131b3f68) 
thrown [s\open\src\hotspot\share\interpreter\linkResolver.cpp, line 773]
Event: 1.397 Thread 0x00000192e7034d10 Exception <a 'java/lang/NoSuchMethodError'{0x00000007137ecde0}: 'int java.lang.invoke.DirectMethodHandle$Holder.invokeSpecial(java.lang.Object, java.lang.Object, java.lang.Object, java.lang.Object, java.lang.Object)'> (0x00000007137ecde0) 
thrown [s\open\src\hotspot\share\interpreter\linkResolver.cpp, line 773]
Event: 1.400 Thread 0x00000192e7034d10 Exception <a 'java/lang/NoSuchMethodError'{0x00000007137f4f58}: 'void java.lang.invoke.DirectMethodHandle$Holder.invokeVirtual(java.lang.Object, java.lang.Object)'> (0x00000007137f4f58) 
thrown [s\open\src\hotspot\share\interpreter\linkResolver.cpp, line 773]
Event: 1.422 Thread 0x00000192fe353690 Exception <a 'java/lang/NoSuchMethodError'{0x00000007132c9220}: 'long java.lang.invoke.DirectMethodHandle$Holder.invokeSpecial(java.lang.Object, java.lang.Object)'> (0x00000007132c9220) 
thrown [s\open\src\hotspot\share\interpreter\linkResolver.cpp, line 773]
Event: 1.423 Thread 0x00000192fe353690 Exception <a 'java/lang/NoSuchMethodError'{0x00000007132d2ff8}: 'long java.lang.invoke.DirectMethodHandle$Holder.invokeStatic(java.lang.Object, java.lang.Object)'> (0x00000007132d2ff8) 
thrown [s\open\src\hotspot\share\interpreter\linkResolver.cpp, line 773]
Event: 1.424 Thread 0x00000192fe353690 Exception <a 'java/lang/NoSuchMethodError'{0x00000007132d6360}: 'long java.lang.invoke.DirectMethodHandle$Holder.invokeStaticInit(java.lang.Object, java.lang.Object)'> (0x00000007132d6360) 
thrown [s\open\src\hotspot\share\interpreter\linkResolver.cpp, line 773]
Event: 1.425 Thread 0x00000192fe353690 Exception <a 'java/lang/NoSuchMethodError'{0x00000007132e24a8}: 'long java.lang.invoke.DirectMethodHandle$Holder.invokeInterface(java.lang.Object, java.lang.Object)'> (0x00000007132e24a8) 
thrown [s\open\src\hotspot\share\interpreter\linkResolver.cpp, line 773]
Event: 1.425 Thread 0x00000192fe353690 Exception <a 'java/lang/IncompatibleClassChangeError'{0x00000007132e5758}: Found class java.lang.Object, but interface was expected> (0x00000007132e5758) 
thrown [s\open\src\hotspot\share\interpreter\linkResolver.cpp, line 840]
Event: 1.438 Thread 0x00000192fe353690 Exception <a 'java/lang/NoSuchMethodError'{0x0000000713002e28}: 'java.lang.Object java.lang.invoke.DirectMethodHandle$Holder.invokeVirtual(java.lang.Object, java.lang.Object, java.lang.Object, java.lang.Object)'> (0x0000000713002e28) 
thrown [s\open\src\hotspot\share\interpreter\linkResolver.cpp, line 773]
Event: 1.562 Thread 0x00000192e7034d10 Exception <a 'java/lang/IncompatibleClassChangeError'{0x00000007128d1430}: Found class java.lang.Object, but interface was expected> (0x00000007128d1430) 
thrown [s\open\src\hotspot\share\interpreter\linkResolver.cpp, line 840]

ZGC Phase Switch (0 events):
No events

VM Operations (20 events):
Event: 0.797 Executing VM operation: G1CollectForAllocation (G1 Evacuation Pause)
Event: 0.801 Executing VM operation: G1CollectForAllocation (G1 Evacuation Pause) done
Event: 1.104 Executing VM operation: HandshakeAllThreads (Deoptimize)
Event: 1.104 Executing VM operation: HandshakeAllThreads (Deoptimize) done
Event: 1.108 Executing VM operation: HandshakeAllThreads (Deoptimize)
Event: 1.108 Executing VM operation: HandshakeAllThreads (Deoptimize) done
Event: 1.109 Executing VM operation: HandshakeAllThreads (Deoptimize)
Event: 1.109 Executing VM operation: HandshakeAllThreads (Deoptimize) done
Event: 1.109 Executing VM operation: ICBufferFull
Event: 1.109 Executing VM operation: ICBufferFull done
Event: 1.252 Executing VM operation: HandshakeAllThreads (Deoptimize)
Event: 1.252 Executing VM operation: HandshakeAllThreads (Deoptimize) done
Event: 1.321 Executing VM operation: HandshakeAllThreads (Deoptimize)
Event: 1.322 Executing VM operation: HandshakeAllThreads (Deoptimize) done
Event: 1.328 Executing VM operation: G1CollectForAllocation (G1 Evacuation Pause)
Event: 1.333 Executing VM operation: G1CollectForAllocation (G1 Evacuation Pause) done
Event: 1.380 Executing VM operation: HandshakeAllThreads (Deoptimize)
Event: 1.380 Executing VM operation: HandshakeAllThreads (Deoptimize) done
Event: 1.514 Executing VM operation: HandshakeAllThreads (Deoptimize)
Event: 1.514 Executing VM operation: HandshakeAllThreads (Deoptimize) done

Events (18 events):
Event: 0.032 Thread 0x00000192e7034d10 Thread added: 0x00000192e7034d10
Event: 0.049 Thread 0x00000192f8b31170 Thread added: 0x00000192f8b31170
Event: 0.049 Thread 0x00000192f8b31e90 Thread added: 0x00000192f8b31e90
Event: 0.050 Thread 0x00000192f8b39cb0 Thread added: 0x00000192f8b39cb0
Event: 0.050 Thread 0x00000192f8b3aba0 Thread added: 0x00000192f8b3aba0
Event: 0.051 Thread 0x00000192f8b3ba10 Thread added: 0x00000192f8b3ba10
Event: 0.051 Thread 0x00000192f8b3d480 Thread added: 0x00000192f8b3d480
Event: 0.051 Thread 0x00000192f94003d0 Thread added: 0x00000192f94003d0
Event: 0.051 Thread 0x00000192f9401280 Thread added: 0x00000192f9401280
Event: 0.128 Thread 0x00000192f8afe320 Thread added: 0x00000192f8afe320
Event: 0.176 Thread 0x00000192f9605b90 Thread added: 0x00000192f9605b90
Event: 0.257 Thread 0x00000192f97b35c0 Thread added: 0x00000192f97b35c0
Event: 0.257 Thread 0x00000192f97b3c30 Thread added: 0x00000192f97b3c30
Event: 1.005 Thread 0x00000192fe310f00 Thread added: 0x00000192fe310f00
Event: 1.116 Thread 0x00000192fe353690 Thread added: 0x00000192fe353690
Event: 1.491 Thread 0x00000192fe983d50 Thread added: 0x00000192fe983d50
Event: 1.530 Thread 0x00000192fe983d50 Thread exited: 0x00000192fe983d50
Event: 1.534 Thread 0x00000192fe353690 Thread exited: 0x00000192fe353690


Dynamic libraries:
0x00007ff6bd760000 - 0x00007ff6bd76e000 	C:\Users\couti\.jdks\openjdk-21.0.1\bin\java.exe
0x00007ff867f90000 - 0x00007ff8681a6000 	C:\WINDOWS\SYSTEM32\ntdll.dll
0x00007ff866c50000 - 0x00007ff866d14000 	C:\WINDOWS\System32\KERNEL32.DLL
0x00007ff865560000 - 0x00007ff865906000 	C:\WINDOWS\System32\KERNELBASE.dll
0x0000000075e60000 - 0x0000000076192000 	C:\Program Files\Norton Security\NortonData\22.23.8.4\Definitions\IPSDefs\20240419.064\IPSEng64.dll
0x00007ff866ae0000 - 0x00007ff866b92000 	C:\WINDOWS\System32\ADVAPI32.dll
0x00007ff867c30000 - 0x00007ff867cd7000 	C:\WINDOWS\System32\msvcrt.dll
0x00007ff866d90000 - 0x00007ff866e38000 	C:\WINDOWS\System32\sechost.dll
0x00007ff865af0000 - 0x00007ff865b18000 	C:\WINDOWS\System32\bcrypt.dll
0x00007ff865e80000 - 0x00007ff865f95000 	C:\WINDOWS\System32\RPCRT4.dll
0x00007ff866050000 - 0x00007ff866058000 	C:\WINDOWS\System32\PSAPI.DLL
0x00007ff865b20000 - 0x00007ff865c31000 	C:\WINDOWS\System32\ucrtbase.dll
0x00007ff85f0d0000 - 0x00007ff85f0e8000 	C:\Users\couti\.jdks\openjdk-21.0.1\bin\jli.dll
0x00007ff85e070000 - 0x00007ff85e08b000 	C:\Users\couti\.jdks\openjdk-21.0.1\bin\VCRUNTIME140.dll
0x00007ff8667a0000 - 0x00007ff86694d000 	C:\WINDOWS\System32\USER32.dll
0x00007ff865910000 - 0x00007ff865936000 	C:\WINDOWS\System32\win32u.dll
0x00007ff851810000 - 0x00007ff851aa3000 	C:\WINDOWS\WinSxS\amd64_microsoft.windows.common-controls_6595b64144ccf1df_6.0.22621.3235_none_270f74e173860f98\COMCTL32.dll
0x00007ff866020000 - 0x00007ff866049000 	C:\WINDOWS\System32\GDI32.dll
0x00007ff865440000 - 0x00007ff865558000 	C:\WINDOWS\System32\gdi32full.dll
0x00007ff865c40000 - 0x00007ff865cda000 	C:\WINDOWS\System32\msvcp_win.dll
0x00007ff867a40000 - 0x00007ff867a71000 	C:\WINDOWS\System32\IMM32.DLL
0x00007ff862160000 - 0x00007ff86216c000 	C:\Users\couti\.jdks\openjdk-21.0.1\bin\vcruntime140_1.dll
0x00007ff84bbf0000 - 0x00007ff84bc7e000 	C:\Users\couti\.jdks\openjdk-21.0.1\bin\msvcp140.dll
0x00007ff804b00000 - 0x00007ff805815000 	C:\Users\couti\.jdks\openjdk-21.0.1\bin\server\jvm.dll
0x00007ff867de0000 - 0x00007ff867e51000 	C:\WINDOWS\System32\WS2_32.dll
0x00007ff8651a0000 - 0x00007ff8651ed000 	C:\WINDOWS\SYSTEM32\POWRPROF.dll
0x00007ff85e8c0000 - 0x00007ff85e8ca000 	C:\WINDOWS\SYSTEM32\VERSION.dll
0x00007ff85e9a0000 - 0x00007ff85e9d4000 	C:\WINDOWS\SYSTEM32\WINMM.dll
0x00007ff865180000 - 0x00007ff865193000 	C:\WINDOWS\SYSTEM32\UMPDC.dll
0x00007ff8642d0000 - 0x00007ff8642e8000 	C:\WINDOWS\SYSTEM32\kernel.appcore.dll
0x00007ff8602f0000 - 0x00007ff8602fa000 	C:\Users\couti\.jdks\openjdk-21.0.1\bin\jimage.dll
0x00007ff862b60000 - 0x00007ff862d93000 	C:\WINDOWS\SYSTEM32\DBGHELP.DLL
0x00007ff8676b0000 - 0x00007ff867a38000 	C:\WINDOWS\System32\combase.dll
0x00007ff867d00000 - 0x00007ff867dd7000 	C:\WINDOWS\System32\OLEAUT32.dll
0x00007ff84d030000 - 0x00007ff84d062000 	C:\WINDOWS\SYSTEM32\dbgcore.DLL
0x00007ff865940000 - 0x00007ff8659ba000 	C:\WINDOWS\System32\bcryptPrimitives.dll
0x00007ff862150000 - 0x00007ff86215f000 	C:\Users\couti\.jdks\openjdk-21.0.1\bin\instrument.dll
0x00007ff85ca20000 - 0x00007ff85ca3f000 	C:\Users\couti\.jdks\openjdk-21.0.1\bin\java.dll
0x00007ff866e40000 - 0x00007ff86769d000 	C:\WINDOWS\System32\SHELL32.dll
0x00007ff8631e0000 - 0x00007ff863ad8000 	C:\WINDOWS\SYSTEM32\windows.storage.dll
0x00007ff8630a0000 - 0x00007ff8631de000 	C:\WINDOWS\SYSTEM32\wintypes.dll
0x00007ff866950000 - 0x00007ff866a43000 	C:\WINDOWS\System32\SHCORE.dll
0x00007ff867ef0000 - 0x00007ff867f4e000 	C:\WINDOWS\System32\shlwapi.dll
0x00007ff865200000 - 0x00007ff865226000 	C:\WINDOWS\SYSTEM32\profapi.dll
0x00007ff83e1d0000 - 0x00007ff83e2a7000 	C:\Users\couti\.jdks\openjdk-21.0.1\bin\jsvml.dll
0x00007ff852910000 - 0x00007ff852928000 	C:\Users\couti\.jdks\openjdk-21.0.1\bin\zip.dll
0x00007ff85faa0000 - 0x00007ff85fab0000 	C:\Users\couti\.jdks\openjdk-21.0.1\bin\net.dll
0x00007ff85e230000 - 0x00007ff85e367000 	C:\WINDOWS\SYSTEM32\WINHTTP.dll
0x00007ff864750000 - 0x00007ff8647b9000 	C:\WINDOWS\system32\mswsock.dll
0x00007ff853690000 - 0x00007ff8536a6000 	C:\Users\couti\.jdks\openjdk-21.0.1\bin\nio.dll
0x00007ff85f2c0000 - 0x00007ff85f2da000 	C:\Program Files\JetBrains\IntelliJ IDEA Community Edition 2023.3.2\bin\breakgen64.dll
0x00007ff8528e0000 - 0x00007ff8528e7000 	C:\Users\couti\.jdks\openjdk-21.0.1\bin\extnet.dll
0x00007ff842030000 - 0x00007ff84203e000 	C:\Users\couti\.jdks\openjdk-21.0.1\bin\sunmscapi.dll
0x00007ff8652d0000 - 0x00007ff865436000 	C:\WINDOWS\System32\CRYPT32.dll
0x00007ff864b80000 - 0x00007ff864bae000 	C:\WINDOWS\SYSTEM32\ncrypt.dll
0x00007ff864b40000 - 0x00007ff864b77000 	C:\WINDOWS\SYSTEM32\NTASN1.dll

dbghelp: loaded successfully - version: 4.0.5 - missing functions: none
symbol engine: initialized successfully - sym options: 0x614 - pdb path: .;C:\Users\couti\.jdks\openjdk-21.0.1\bin;C:\WINDOWS\SYSTEM32;C:\Program Files\Norton Security\NortonData\22.23.8.4\Definitions\IPSDefs\20240419.064;C:\WINDOWS\WinSxS\amd64_microsoft.windows.common-controls_6595b64144ccf1df_6.0.22621.3235_none_270f74e173860f98;C:\Users\couti\.jdks\openjdk-21.0.1\bin\server;C:\Program Files\JetBrains\IntelliJ IDEA Community Edition 2023.3.2\bin

VM Arguments:
jvm_args: -javaagent:C:\Program Files\JetBrains\IntelliJ IDEA Community Edition 2023.3.2\lib\idea_rt.jar=62015:C:\Program Files\JetBrains\IntelliJ IDEA Community Edition 2023.3.2\bin -Dfile.encoding=UTF-8 -Dsun.stdout.encoding=UTF-8 -Dsun.stderr.encoding=UTF-8 
java_command: security.SecurityApplication
java_class_path (initial): C:\Users\couti\Desktop\security\server\security\target\classes;C:\Users\couti\.m2\repository\org\springframework\boot\spring-boot-starter-data-jpa\3.2.5\spring-boot-starter-data-jpa-3.2.5.jar;C:\Users\couti\.m2\repository\org\springframework\boot\spring-boot-starter-aop\3.2.5\spring-boot-starter-aop-3.2.5.jar;C:\Users\couti\.m2\repository\org\aspectj\aspectjweaver\1.9.22\aspectjweaver-1.9.22.jar;C:\Users\couti\.m2\repository\org\springframework\boot\spring-boot-starter-jdbc\3.2.5\spring-boot-starter-jdbc-3.2.5.jar;C:\Users\couti\.m2\repository\com\zaxxer\HikariCP\5.0.1\HikariCP-5.0.1.jar;C:\Users\couti\.m2\repository\org\springframework\spring-jdbc\6.1.6\spring-jdbc-6.1.6.jar;C:\Users\couti\.m2\repository\org\hibernate\orm\hibernate-core\6.4.4.Final\hibernate-core-6.4.4.Final.jar;C:\Users\couti\.m2\repository\jakarta\persistence\jakarta.persistence-api\3.1.0\jakarta.persistence-api-3.1.0.jar;C:\Users\couti\.m2\repository\jakarta\transaction\jakarta.transaction-api\2.0.1\jakarta.transaction-api-2.0.1.jar;C:\Users\couti\.m2\repository\org\jboss\logging\jboss-logging\3.5.3.Final\jboss-logging-3.5.3.Final.jar;C:\Users\couti\.m2\repository\org\hibernate\common\hibernate-commons-annotations\6.0.6.Final\hibernate-commons-annotations-6.0.6.Final.jar;C:\Users\couti\.m2\repository\io\smallrye\jandex\3.1.2\jandex-3.1.2.jar;C:\Users\couti\.m2\repository\com\fasterxml\classmate\1.6.0\classmate-1.6.0.jar;C:\Users\couti\.m2\repository\net\bytebuddy\byte-buddy\1.14.13\byte-buddy-1.14.13.jar;C:\Users\couti\.m2\repository\org\glassfish\jaxb\jaxb-runtime\4.0.5\jaxb-runtime-4.0.5.jar;C:\Users\couti\.m2\repository\org\glassfish\jaxb\jaxb-core\4.0.5\jaxb-core-4.0.5.jar;C:\Users\couti\.m2\repository\org\eclipse\angus\angus-activation\2.0.2\angus-activation-2.0.2.jar;C:\Users\couti\.m2\repository\org\glassfish\jaxb\txw2\4.0.5\txw2-4.0.5.jar;C:\Users\couti\.m2\repository\com\sun\istack\istack-commons-runtime\4.1.2\istack-commons-runtime-4.1.2.jar;C:\Users\couti\.m2\repository\jakarta\inject\jakarta.inject-api\2.0.1\jakarta.inject-api-2.0.1.jar;C:\Users\couti\.m2\repository\org\antlr\antlr4-runtime\4.13.0\antlr4-runtime-4.13.0.jar;C:\Users\couti\.m2\repository\org\springframework\data\spring-data-jpa\3.2.5\spring-data-jpa-3.2.5.jar;C:\Users\couti\.m2\repository\org\springframework\data\spring-data-commons\3.2.5\spring-data-commons-3.2.5.jar;C:\Users\couti\.m2\repository\org\springframework\spring-orm\6.1.6\spring-orm-6.1.6.jar;C:\Users\couti\.m2\repository\org\springframework\spring-context\6.1.6\spring-context-6.1.6.jar;C:\Users\couti\.m2\repository\org\springframework\spring-tx\6.1.6\spring-tx-6.1.6.jar;C:\Users\couti\.m2\repository\org\springframework\spring-beans\6.1.6\spring-beans-6.1.6.jar;C:\Users\couti\.m2\repository\jakarta\annotation\jakarta.annotation-api\2.1.1\jakarta.annotation-api-2.1.1.jar;C:\Users\couti\.m2\repository\org\slf4j\slf4j-api\2.0.13\slf4j-api-2.0.13.jar;C:\Users\couti\.m2\repository\org\springframework\spring-aspects\6.1.6\spring-aspects-6.1.6.jar;C:\Users\couti\.m2\repository\org\springframework\boot\spring-boot-starter-security\3.2.5\spring-boot-starter-security-3.2.5.jar;C:\Users\couti\.m2\repository\org\springframework\boot\spring-boot-starter\3.2.5\spring-boot-starter-3.2.5.jar;C:\Users\couti\.m2\repository\org\springframework\boot\spring-boot\3.2.5\spring-boot-3.2.5.jar;C:\Users\couti\.m2\repository\org\springframework\boot\spring-boot-autoconfigure\3.2.5\spring-boot-autoconfigure-3.2.5.jar;C:\Users\couti\.m2\repository\org\springframework\boot\spring-boot-starter-logging\3.2.5\spring-boot-starter-logging-3.2.5.jar;C:\Users\couti\.m2\repository\ch\qos\logback\logback-classic\1.4.14\logback-classic-1.4.14.jar;C:\Users\couti\.m2\repository\ch\qos\logback\logback-core\1.4.14\logback-core-1.4.14.jar;C:\Users\couti\.m2\repository\org\apache\logging\log4j\log4j-to-slf4j\2.21.1\log4j-to-slf4j-2.21.1.jar;C:\Users\couti\.m2\repository\org\apache\logging\log4j\log4j-api\2.21.1\log4j-api-2.21.1.jar;C:\Users\couti\.m2\repository\org\slf4j\jul-to-slf4j\2.0.13\jul-to-slf4j-2.0.13.jar;C:\Users\couti\.m2\repository\org\yaml\snakeyaml\2.2\snakeyaml-2.2.jar;C:\Users\couti\.m2\repository\org\springframework\spring-aop\6.1.6\spring-aop-6.1.6.jar;C:\Users\couti\.m2\repository\org\springframework\security\spring-security-config\6.2.4\spring-security-config-6.2.4.jar;C:\Users\couti\.m2\repository\org\springframework\security\spring-security-web\6.2.4\spring-security-web-6.2.4.jar;C:\Users\couti\.m2\repository\org\springframework\spring-expression\6.1.6\spring-expression-6.1.6.jar;C:\Users\couti\.m2\repository\org\springframework\boot\spring-boot-starter-web\3.2.5\spring-boot-starter-web-3.2.5.jar;C:\Users\couti\.m2\repository\org\springframework\boot\spring-boot-starter-json\3.2.5\spring-boot-starter-json-3.2.5.jar;C:\Users\couti\.m2\repository\com\fasterxml\jackson\datatype\jackson-datatype-jdk8\2.15.4\jackson-datatype-jdk8-2.15.4.jar;C:\Users\couti\.m2\repository\com\fasterxml\jackson\datatype\jackson-datatype-jsr310\2.15.4\jackson-datatype-jsr310-2.15.4.jar;C:\Users\couti\.m2\repository\com\fasterxml\jackson\module\jackson-module-parameter-names\2.15.4\jackson-module-parameter-names-2.15.4.jar;C:\Users\couti\.m2\repository\org\springframework\boot\spring-boot-starter-tomcat\3.2.5\spring-boot-starter-tomcat-3.2.5.jar;C:\Users\couti\.m2\repository\org\apache\tomcat\embed\tomcat-embed-core\10.1.20\tomcat-embed-core-10.1.20.jar;C:\Users\couti\.m2\repository\org\apache\tomcat\embed\tomcat-embed-el\10.1.20\tomcat-embed-el-10.1.20.jar;C:\Users\couti\.m2\repository\org\apache\tomcat\embed\tomcat-embed-websocket\10.1.20\tomcat-embed-websocket-10.1.20.jar;C:\Users\couti\.m2\repository\org\springframework\spring-web\6.1.6\spring-web-6.1.6.jar;C:\Users\couti\.m2\repository\io\micrometer\micrometer-observation\1.12.5\micrometer-observation-1.12.5.jar;C:\Users\couti\.m2\repository\io\micrometer\micrometer-commons\1.12.5\micrometer-commons-1.12.5.jar;C:\Users\couti\.m2\repository\org\springframework\spring-webmvc\6.1.6\spring-webmvc-6.1.6.jar;C:\Users\couti\.m2\repository\org\postgresql\postgresql\42.6.2\postgresql-42.6.2.jar;C:\Users\couti\.m2\repository\org\checkerframework\checker-qual\3.31.0\checker-qual-3.31.0.jar;C:\Users\couti\.m2\repository\jakarta\xml\bind\jakarta.xml.bind-api\4.0.2\jakarta.xml.bind-api-4.0.2.jar;C:\Users\couti\.m2\repository\jakarta\activation\jakarta.activation-api\2.1.3\jakarta.activation-api-2.1.3.jar;C:\Users\couti\.m2\repository\org\springframework\spring-core\6.1.6\spring-core-6.1.6.jar;C:\Users\couti\.m2\repository\org\springframework\spring-jcl\6.1.6\spring-jcl-6.1.6.jar;C:\Users\couti\.m2\repository\org\springframework\security\spring-security-core\6.2.4\spring-security-core-6.2.4.jar;C:\Users\couti\.m2\repository\org\springframework\security\spring-security-crypto\6.2.4\spring-security-crypto-6.2.4.jar;C:\Users\couti\.m2\repository\io\jsonwebtoken\jjwt-api\0.11.2\jjwt-api-0.11.2.jar;C:\Users\couti\.m2\repository\io\jsonwebtoken\jjwt-impl\0.11.2\jjwt-impl-0.11.2.jar;C:\Users\couti\.m2\repository\io\jsonwebtoken\jjwt-jackson\0.11.2\jjwt-jackson-0.11.2.jar;C:\Users\couti\.m2\repository\com\fasterxml\jackson\core\jackson-databind\2.15.4\jackson-databind-2.15.4.jar;C:\Users\couti\.m2\repository\com\fasterxml\jackson\core\jackson-annotations\2.15.4\jackson-annotations-2.15.4.jar;C:\Users\couti\.m2\repository\com\fasterxml\jackson\core\jackson-core\2.15.4\jackson-core-2.15.4.jar;C:\Users\couti\.m2\repository\org\flywaydb\flyway-core\9.22.3\flyway-core-9.22.3.jar;C:\Users\couti\.m2\repository\com\fasterxml\jackson\dataformat\jackson-dataformat-toml\2.15.4\jackson-dataformat-toml-2.15.4.jar;C:\Users\couti\.m2\repository\com\google\code\gson\gson\2.10.1\gson-2.10.1.jar
Launcher Type: SUN_STANDARD

[Global flags]
     intx CICompilerCount                          = 4                                         {product} {ergonomic}
     uint ConcGCThreads                            = 2                                         {product} {ergonomic}
     uint G1ConcRefinementThreads                  = 8                                         {product} {ergonomic}
   size_t G1HeapRegionSize                         = 2097152                                   {product} {ergonomic}
    uintx GCDrainStackTargetSize                   = 64                                        {product} {ergonomic}
   size_t InitialHeapSize                          = 264241152                                 {product} {ergonomic}
   size_t MarkStackSize                            = 4194304                                   {product} {ergonomic}
   size_t MaxHeapSize                              = 4227858432                                {product} {ergonomic}
   size_t MaxNewSize                               = 2535456768                                {product} {ergonomic}
   size_t MinHeapDeltaBytes                        = 2097152                                   {product} {ergonomic}
   size_t MinHeapSize                              = 8388608                                   {product} {ergonomic}
    uintx NonNMethodCodeHeapSize                   = 5839372                                {pd product} {ergonomic}
    uintx NonProfiledCodeHeapSize                  = 122909434                              {pd product} {ergonomic}
    uintx ProfiledCodeHeapSize                     = 122909434                              {pd product} {ergonomic}
    uintx ReservedCodeCacheSize                    = 251658240                              {pd product} {ergonomic}
     bool SegmentedCodeCache                       = true                                      {product} {ergonomic}
   size_t SoftMaxHeapSize                          = 4227858432                             {manageable} {ergonomic}
     bool UseCompressedOops                        = true                           {product lp64_product} {ergonomic}
     bool UseG1GC                                  = true                                      {product} {ergonomic}
     bool UseLargePagesIndividualAllocation        = false                                  {pd product} {ergonomic}

Logging:
Log output configuration:
 #0: stdout all=warning uptime,level,tags foldmultilines=false
 #1: stderr all=off uptime,level,tags foldmultilines=false

Environment Variables:
JAVA_HOME=C:\Program Files\Java\jdk-17
PATH=C:\Progra~1\Java\<graalvm install dir>\bin;C:\Program Files\Common Files\Oracle\Java\javapath;C:\WINDOWS\system32;C:\WINDOWS;C:\WINDOWS\System32\Wbem;C:\WINDOWS\System32\WindowsPowerShell\v1.0\;C:\WINDOWS\System32\OpenSSH\;C:\Users\couti\Desktop\java\gradle-7.6-bin\gradle-7.6\bin;C:\Program Files\JetBrains\IntelliJ IDEA Community Edition 2022.2.1\plugins\maven\lib\maven3\bin;C:\Program Files\Java\jdk-17\bin;C:\Users\couti\Downloads\protoc-24.1-win64\bin;C:\Users\couti\AppData\Local\Programs\Python\Python310\Scripts\;C:\Users\couti\AppData\Local\Programs\Python\Python310\;C:\Users\couti\AppData\Local\Microsoft\WindowsApps;C:\Users\couti\AppData\Local\Programs\Microsoft VS Code\bin;C:\Users\couti\AppData\Roaming\npm;C:\Program Files\PostgreSQL\14\bin;C:\Program Files\PostgreSQL\14\lib;C:\Program Files\JetBrains\PyCharm Community Edition 2022.2.1\bin;C:\Program Files\JetBrains\IntelliJ IDEA Community Edition 2022.2.1\b;C:\Users\couti\Downloads\graalvm-community-jdk-17.0.7_windows-x64_bin\graalvm-community-openjdk-17.0.7+7.1\bin;C:\Program Files\Microsoft SQL Server\150\Tools\Binn\;C:\Program Files\Microsoft SQL Server\Client SDK\ODBC\170\Tools\Binn\;C:\Program Files\dotnet\;C:\Program Files\Docker\Docker\resources\bin;C:\Program Files\nodejs\;C:\Program Files\Git\cmd;C:\Users\couti\AppData\Local\Programs\Python\Python310\Scripts\;C:\Users\couti\AppData\Local\Programs\Python\Python310\;C:\Users\couti\AppData\Local\Microsoft\WindowsApps;C:\Users\couti\AppData\Local\Programs\Microsoft VS Code\bin;C:\Program Files\PostgreSQL\14\bin;C:\Program Files\PostgreSQL\14\lib;C:\Program Files\JetBrains\PyCharm Community Edition 2022.2.1\bin;;C:\Program Files\JetBrains\IntelliJ IDEA Community Edition 2023.3.2\bin;;C:\Program Files\micronaut-cli-3.8.3\bin;C:\Program Files\apache-maven-3.9.5\bin;C:\Program Files\Java\jdk-17\bin;C:\Users\couti\Downloads\graalvm-community-jdk-17.0.7_windows-x64_bin\graalvm-community-openjdk-17.0.7+7.1\bin;C:\Users\couti\.dotnet\tools;C:\Program Files\JetBrains\IntelliJ IDEA Educational Edition 2022.2.2\bin;;C:\Users\couti\AppData\Roaming\npm;
USERNAME=couti
OS=Windows_NT
PROCESSOR_IDENTIFIER=Intel64 Family 6 Model 126 Stepping 5, GenuineIntel
TMP=C:\Users\couti\AppData\Local\Temp
TEMP=C:\Users\couti\AppData\Local\Temp




Periodic native trim disabled

---------------  S Y S T E M  ---------------

OS:
 Windows 11 , 64 bit Build 22621 (10.0.22621.3235)
OS uptime: 2 days 4:46 hours
Hyper-V role detected

CPU: total 8 (initial active 8) (4 cores per cpu, 2 threads per core) family 6 model 126 stepping 5 microcode 0xa0, cx8, cmov, fxsr, ht, mmx, 3dnowpref, sse, sse2, sse3, ssse3, sse4.1, sse4.2, popcnt, lzcnt, tsc, tscinvbit, avx, avx2, aes, erms, clmul, bmi1, bmi2, adx, avx512f, avx512dq, avx512cd, avx512bw, avx512vl, sha, fma, vzeroupper, avx512_vpopcntdq, avx512_vpclmulqdq, avx512_vaes, avx512_vnni, clflush, clflushopt, avx512_vbmi2, avx512_vbmi, hv, rdtscp, rdpid, fsrm, gfni, avx512_bitalg, f16c, avx512_ifma
Processor Information for processor 0
  Max Mhz: 1201, Current Mhz: 1201, Mhz Limit: 1201
Processor Information for processor 1
  Max Mhz: 1201, Current Mhz: 1000, Mhz Limit: 1201
Processor Information for processor 2
  Max Mhz: 1201, Current Mhz: 1201, Mhz Limit: 1201
Processor Information for processor 3
  Max Mhz: 1201, Current Mhz: 1000, Mhz Limit: 1201
Processor Information for processor 4
  Max Mhz: 1201, Current Mhz: 1201, Mhz Limit: 1201
Processor Information for processor 5
  Max Mhz: 1201, Current Mhz: 1000, Mhz Limit: 1201
Processor Information for processor 6
  Max Mhz: 1201, Current Mhz: 1000, Mhz Limit: 1201
Processor Information for processor 7
  Max Mhz: 1201, Current Mhz: 1000, Mhz Limit: 1201

Memory: 4k page, system-wide physical 16124M (3903M free)
TotalPageFile size 16124M (AvailPageFile size 3M)
current process WorkingSet (physical memory assigned to process): 133M, peak: 133M
current process commit charge ("private bytes"): 387M, peak: 387M

vm_info: OpenJDK 64-Bit Server VM (21.0.1+12-29) for windows-amd64 JRE (21.0.1+12-29), built on 2023-10-05T13:27:09Z by "mach5one" with MS VC++ 17.1 (VS2022)

END.
